Asterisk (*) preceding a constraint indicates it was not met.
   This may be due to a setup or hold violation.

------------------------------------------------------------------------------------------------------
  Constraint                                |  Check  | Worst Case |  Best Case | Timing |   Timing   
                                            |         |    Slack   | Achievable | Errors |    Score   
------------------------------------------------------------------------------------------------------
  Autotimespec constraint for clock net CLK | SETUP   |         N/A|     7.326ns|     N/A|           0
  _BUFGP                                    | HOLD    |     2.559ns|            |       0|           0
------------------------------------------------------------------------------------------------------
  Autotimespec constraint for clock net Cou | SETUP   |         N/A|     9.057ns|     N/A|           0
  nter_Module/Trigger_3/T                   | HOLD    |     2.383ns|            |       0|           0
------------------------------------------------------------------------------------------------------
  Autotimespec constraint for clock net Cou | SETUP   |         N/A|     8.349ns|     N/A|          56
  nter_Module/Trigger_1/T                   | HOLD    |     2.417ns|            |       0|           0
------------------------------------------------------------------------------------------------------
  Autotimespec constraint for clock net Cou | SETUP   |         N/A|     3.030ns|     N/A|           0
  nter_Module/Trigger_0/T                   | HOLD    |     2.464ns|            |       0|           0
------------------------------------------------------------------------------------------------------
  Autotimespec constraint for clock net Cou | SETUP   |         N/A|     4.511ns|     N/A|           0
  nter_Module/Trigger_2/T                   | HOLD    |     2.421ns|            |       0|           0
------------------------------------------------------------------------------------------------------


1 constraint not met.
INFO:Timing:2761 - N/A entries in the Constraints list may indicate that the 
   constraint does not cover any paths or that it has no requested value.


